2026-05-03 20:16:23,647 -  nornir.core -     INFO -        run() - Running task 'say_hello' with args {} on 1 hosts
2026-05-03 20:19:55,106 -  nornir.core -     INFO -        run() - Running task 'say_hello' with args {} on 1 hosts
2026-05-03 20:21:47,434 -  nornir.core -     INFO -        run() - Running task 'say_hello' with args {} on 1 hosts
2026-05-03 20:29:12,426 -  nornir.core -     INFO -        run() - Running task 'netmiko_send_command' with args {'command_string': 'show ip interface brief | excl down'} on 1 hosts
2026-05-03 20:29:25,384 - nornir.core.task -    ERROR -      start() - Host 'R1_cat8k': task 'netmiko_send_command' failed with traceback:
Traceback (most recent call last):
  File "/home/carlosalg/Proyectos/net-probe/.venv/lib/python3.14/site-packages/nornir/core/task.py", line 98, in start
    r = self.task(self, **self.params)
  File "/home/carlosalg/Proyectos/net-probe/.venv/lib/python3.14/site-packages/nornir_netmiko/tasks/netmiko_send_command.py", line 26, in netmiko_send_command
    net_connect = task.host.get_connection(CONNECTION_NAME, task.nornir.config)
  File "/home/carlosalg/Proyectos/net-probe/.venv/lib/python3.14/site-packages/nornir/core/inventory.py", line 476, in get_connection
    self.open_connection(
    ~~~~~~~~~~~~~~~~~~~~^
        connection=connection,
        ^^^^^^^^^^^^^^^^^^^^^^
    ...<6 lines>...
        extras=conn.extras,
        ^^^^^^^^^^^^^^^^^^^
    )
    ^
  File "/home/carlosalg/Proyectos/net-probe/.venv/lib/python3.14/site-packages/nornir/core/inventory.py", line 528, in open_connection
    conn_obj.open(
    ~~~~~~~~~~~~~^
        hostname=hostname,
        ^^^^^^^^^^^^^^^^^^
    ...<5 lines>...
        configuration=configuration,
        ^^^^^^^^^^^^^^^^^^^^^^^^^^^^
    )
    ^
  File "/home/carlosalg/Proyectos/net-probe/.venv/lib/python3.14/site-packages/nornir_netmiko/connections/netmiko.py", line 59, in open
    connection = ConnectHandler(**parameters)
  File "/home/carlosalg/Proyectos/net-probe/.venv/lib/python3.14/site-packages/netmiko/ssh_dispatcher.py", line 460, in ConnectHandler
    return ConnectionClass(*args, **kwargs)
  File "/home/carlosalg/Proyectos/net-probe/.venv/lib/python3.14/site-packages/netmiko/base_connection.py", line 495, in __init__
    self._open()
    ~~~~~~~~~~^^
  File "/home/carlosalg/Proyectos/net-probe/.venv/lib/python3.14/site-packages/netmiko/base_connection.py", line 501, in _open
    self._try_session_preparation()
    ~~~~~~~~~~~~~~~~~~~~~~~~~~~~~^^
  File "/home/carlosalg/Proyectos/net-probe/.venv/lib/python3.14/site-packages/netmiko/base_connection.py", line 997, in _try_session_preparation
    self.session_preparation()
    ~~~~~~~~~~~~~~~~~~~~~~~~^^
  File "/home/carlosalg/Proyectos/net-probe/.venv/lib/python3.14/site-packages/netmiko/cisco/cisco_ios.py", line 19, in session_preparation
    self.set_terminal_width(command=cmd, pattern=cmd)
    ~~~~~~~~~~~~~~~~~~~~~~~^^^^^^^^^^^^^^^^^^^^^^^^^^
  File "/home/carlosalg/Proyectos/net-probe/.venv/lib/python3.14/site-packages/netmiko/base_connection.py", line 1364, in set_terminal_width
    output = self.read_until_pattern(pattern=pattern)
  File "/home/carlosalg/Proyectos/net-probe/.venv/lib/python3.14/site-packages/netmiko/base_connection.py", line 755, in read_until_pattern
    raise ReadTimeout(msg)
netmiko.exceptions.ReadTimeout: 

Pattern not detected: 'terminal width 511' in output.

Things you might try to fix this:
1. Adjust the regex pattern to better identify the terminating string. Note, in
many situations the pattern is automatically based on the network device's prompt.
2. Increase the read_timeout to a larger value.

You can also look at the Netmiko session_log or debug log for more information.



2026-05-03 20:30:50,545 -  nornir.core -     INFO -        run() - Running task 'netmiko_send_command' with args {'command_string': 'show ip interface brief | excl down'} on 1 hosts
2026-05-03 20:31:00,621 - nornir.core.task -    ERROR -      start() - Host 'R1_cat8k': task 'netmiko_send_command' failed with traceback:
Traceback (most recent call last):
  File "/home/carlosalg/Proyectos/net-probe/.venv/lib/python3.14/site-packages/netmiko/base_connection.py", line 1146, in establish_connection
    self.remote_conn_pre.connect(**ssh_connect_params)
    ~~~~~~~~~~~~~~~~~~~~~~~~~~~~^^^^^^^^^^^^^^^^^^^^^^
  File "/home/carlosalg/Proyectos/net-probe/.venv/lib/python3.14/site-packages/paramiko/client.py", line 384, in connect
    sock.connect(addr)
    ~~~~~~~~~~~~^^^^^^
TimeoutError: timed out

During handling of the above exception, another exception occurred:

Traceback (most recent call last):
  File "/home/carlosalg/Proyectos/net-probe/.venv/lib/python3.14/site-packages/nornir/core/task.py", line 98, in start
    r = self.task(self, **self.params)
  File "/home/carlosalg/Proyectos/net-probe/.venv/lib/python3.14/site-packages/nornir_netmiko/tasks/netmiko_send_command.py", line 26, in netmiko_send_command
    net_connect = task.host.get_connection(CONNECTION_NAME, task.nornir.config)
  File "/home/carlosalg/Proyectos/net-probe/.venv/lib/python3.14/site-packages/nornir/core/inventory.py", line 476, in get_connection
    self.open_connection(
    ~~~~~~~~~~~~~~~~~~~~^
        connection=connection,
        ^^^^^^^^^^^^^^^^^^^^^^
    ...<6 lines>...
        extras=conn.extras,
        ^^^^^^^^^^^^^^^^^^^
    )
    ^
  File "/home/carlosalg/Proyectos/net-probe/.venv/lib/python3.14/site-packages/nornir/core/inventory.py", line 528, in open_connection
    conn_obj.open(
    ~~~~~~~~~~~~~^
        hostname=hostname,
        ^^^^^^^^^^^^^^^^^^
    ...<5 lines>...
        configuration=configuration,
        ^^^^^^^^^^^^^^^^^^^^^^^^^^^^
    )
    ^
  File "/home/carlosalg/Proyectos/net-probe/.venv/lib/python3.14/site-packages/nornir_netmiko/connections/netmiko.py", line 59, in open
    connection = ConnectHandler(**parameters)
  File "/home/carlosalg/Proyectos/net-probe/.venv/lib/python3.14/site-packages/netmiko/ssh_dispatcher.py", line 460, in ConnectHandler
    return ConnectionClass(*args, **kwargs)
  File "/home/carlosalg/Proyectos/net-probe/.venv/lib/python3.14/site-packages/netmiko/base_connection.py", line 495, in __init__
    self._open()
    ~~~~~~~~~~^^
  File "/home/carlosalg/Proyectos/net-probe/.venv/lib/python3.14/site-packages/netmiko/base_connection.py", line 500, in _open
    self.establish_connection()
    ~~~~~~~~~~~~~~~~~~~~~~~~~^^
  File "/home/carlosalg/Proyectos/net-probe/.venv/lib/python3.14/site-packages/netmiko/base_connection.py", line 1168, in establish_connection
    raise NetmikoTimeoutException(msg)
netmiko.exceptions.NetmikoTimeoutException: TCP connection to device failed.

Common causes of this problem are:
1. Incorrect hostname or IP address.
2. Wrong TCP port.
3. Intermediate firewall blocking access.

Device settings: cisco_ios devnetsandboxiosxec8k.cisco.com:22



2026-05-03 20:34:22,129 -  nornir.core -     INFO -        run() - Running task 'netmiko_send_command' with args {'command_string': 'show ip interface brief | excl down'} on 1 hosts
2026-05-03 20:34:35,077 - nornir.core.task -    ERROR -      start() - Host 'R1_cat8k': task 'netmiko_send_command' failed with traceback:
Traceback (most recent call last):
  File "/home/carlosalg/Proyectos/net-probe/.venv/lib/python3.14/site-packages/nornir/core/task.py", line 98, in start
    r = self.task(self, **self.params)
  File "/home/carlosalg/Proyectos/net-probe/.venv/lib/python3.14/site-packages/nornir_netmiko/tasks/netmiko_send_command.py", line 26, in netmiko_send_command
    net_connect = task.host.get_connection(CONNECTION_NAME, task.nornir.config)
  File "/home/carlosalg/Proyectos/net-probe/.venv/lib/python3.14/site-packages/nornir/core/inventory.py", line 476, in get_connection
    self.open_connection(
    ~~~~~~~~~~~~~~~~~~~~^
        connection=connection,
        ^^^^^^^^^^^^^^^^^^^^^^
    ...<6 lines>...
        extras=conn.extras,
        ^^^^^^^^^^^^^^^^^^^
    )
    ^
  File "/home/carlosalg/Proyectos/net-probe/.venv/lib/python3.14/site-packages/nornir/core/inventory.py", line 528, in open_connection
    conn_obj.open(
    ~~~~~~~~~~~~~^
        hostname=hostname,
        ^^^^^^^^^^^^^^^^^^
    ...<5 lines>...
        configuration=configuration,
        ^^^^^^^^^^^^^^^^^^^^^^^^^^^^
    )
    ^
  File "/home/carlosalg/Proyectos/net-probe/.venv/lib/python3.14/site-packages/nornir_netmiko/connections/netmiko.py", line 59, in open
    connection = ConnectHandler(**parameters)
  File "/home/carlosalg/Proyectos/net-probe/.venv/lib/python3.14/site-packages/netmiko/ssh_dispatcher.py", line 460, in ConnectHandler
    return ConnectionClass(*args, **kwargs)
  File "/home/carlosalg/Proyectos/net-probe/.venv/lib/python3.14/site-packages/netmiko/base_connection.py", line 495, in __init__
    self._open()
    ~~~~~~~~~~^^
  File "/home/carlosalg/Proyectos/net-probe/.venv/lib/python3.14/site-packages/netmiko/base_connection.py", line 501, in _open
    self._try_session_preparation()
    ~~~~~~~~~~~~~~~~~~~~~~~~~~~~~^^
  File "/home/carlosalg/Proyectos/net-probe/.venv/lib/python3.14/site-packages/netmiko/base_connection.py", line 997, in _try_session_preparation
    self.session_preparation()
    ~~~~~~~~~~~~~~~~~~~~~~~~^^
  File "/home/carlosalg/Proyectos/net-probe/.venv/lib/python3.14/site-packages/netmiko/cisco/cisco_ios.py", line 19, in session_preparation
    self.set_terminal_width(command=cmd, pattern=cmd)
    ~~~~~~~~~~~~~~~~~~~~~~~^^^^^^^^^^^^^^^^^^^^^^^^^^
  File "/home/carlosalg/Proyectos/net-probe/.venv/lib/python3.14/site-packages/netmiko/base_connection.py", line 1364, in set_terminal_width
    output = self.read_until_pattern(pattern=pattern)
  File "/home/carlosalg/Proyectos/net-probe/.venv/lib/python3.14/site-packages/netmiko/base_connection.py", line 755, in read_until_pattern
    raise ReadTimeout(msg)
netmiko.exceptions.ReadTimeout: 

Pattern not detected: 'terminal width 511' in output.

Things you might try to fix this:
1. Adjust the regex pattern to better identify the terminating string. Note, in
many situations the pattern is automatically based on the network device's prompt.
2. Increase the read_timeout to a larger value.

You can also look at the Netmiko session_log or debug log for more information.



2026-05-03 20:34:47,159 -  nornir.core -     INFO -        run() - Running task 'netmiko_send_command' with args {'command_string': 'show ip interface brief | excl down'} on 1 hosts
2026-05-03 20:34:59,824 - nornir.core.task -    ERROR -      start() - Host 'R1_cat8k': task 'netmiko_send_command' failed with traceback:
Traceback (most recent call last):
  File "/home/carlosalg/Proyectos/net-probe/.venv/lib/python3.14/site-packages/nornir/core/task.py", line 98, in start
    r = self.task(self, **self.params)
  File "/home/carlosalg/Proyectos/net-probe/.venv/lib/python3.14/site-packages/nornir_netmiko/tasks/netmiko_send_command.py", line 26, in netmiko_send_command
    net_connect = task.host.get_connection(CONNECTION_NAME, task.nornir.config)
  File "/home/carlosalg/Proyectos/net-probe/.venv/lib/python3.14/site-packages/nornir/core/inventory.py", line 476, in get_connection
    self.open_connection(
    ~~~~~~~~~~~~~~~~~~~~^
        connection=connection,
        ^^^^^^^^^^^^^^^^^^^^^^
    ...<6 lines>...
        extras=conn.extras,
        ^^^^^^^^^^^^^^^^^^^
    )
    ^
  File "/home/carlosalg/Proyectos/net-probe/.venv/lib/python3.14/site-packages/nornir/core/inventory.py", line 528, in open_connection
    conn_obj.open(
    ~~~~~~~~~~~~~^
        hostname=hostname,
        ^^^^^^^^^^^^^^^^^^
    ...<5 lines>...
        configuration=configuration,
        ^^^^^^^^^^^^^^^^^^^^^^^^^^^^
    )
    ^
  File "/home/carlosalg/Proyectos/net-probe/.venv/lib/python3.14/site-packages/nornir_netmiko/connections/netmiko.py", line 59, in open
    connection = ConnectHandler(**parameters)
  File "/home/carlosalg/Proyectos/net-probe/.venv/lib/python3.14/site-packages/netmiko/ssh_dispatcher.py", line 460, in ConnectHandler
    return ConnectionClass(*args, **kwargs)
  File "/home/carlosalg/Proyectos/net-probe/.venv/lib/python3.14/site-packages/netmiko/base_connection.py", line 495, in __init__
    self._open()
    ~~~~~~~~~~^^
  File "/home/carlosalg/Proyectos/net-probe/.venv/lib/python3.14/site-packages/netmiko/base_connection.py", line 501, in _open
    self._try_session_preparation()
    ~~~~~~~~~~~~~~~~~~~~~~~~~~~~~^^
  File "/home/carlosalg/Proyectos/net-probe/.venv/lib/python3.14/site-packages/netmiko/base_connection.py", line 997, in _try_session_preparation
    self.session_preparation()
    ~~~~~~~~~~~~~~~~~~~~~~~~^^
  File "/home/carlosalg/Proyectos/net-probe/.venv/lib/python3.14/site-packages/netmiko/cisco/cisco_ios.py", line 19, in session_preparation
    self.set_terminal_width(command=cmd, pattern=cmd)
    ~~~~~~~~~~~~~~~~~~~~~~~^^^^^^^^^^^^^^^^^^^^^^^^^^
  File "/home/carlosalg/Proyectos/net-probe/.venv/lib/python3.14/site-packages/netmiko/base_connection.py", line 1364, in set_terminal_width
    output = self.read_until_pattern(pattern=pattern)
  File "/home/carlosalg/Proyectos/net-probe/.venv/lib/python3.14/site-packages/netmiko/base_connection.py", line 755, in read_until_pattern
    raise ReadTimeout(msg)
netmiko.exceptions.ReadTimeout: 

Pattern not detected: 'terminal width 511' in output.

Things you might try to fix this:
1. Adjust the regex pattern to better identify the terminating string. Note, in
many situations the pattern is automatically based on the network device's prompt.
2. Increase the read_timeout to a larger value.

You can also look at the Netmiko session_log or debug log for more information.



2026-05-03 20:35:07,827 -  nornir.core -     INFO -        run() - Running task 'netmiko_send_command' with args {'command_string': 'show ip interface brief | excl down'} on 1 hosts
2026-05-03 20:35:19,928 - nornir.core.task -    ERROR -      start() - Host 'R1_cat8k': task 'netmiko_send_command' failed with traceback:
Traceback (most recent call last):
  File "/home/carlosalg/Proyectos/net-probe/.venv/lib/python3.14/site-packages/nornir/core/task.py", line 98, in start
    r = self.task(self, **self.params)
  File "/home/carlosalg/Proyectos/net-probe/.venv/lib/python3.14/site-packages/nornir_netmiko/tasks/netmiko_send_command.py", line 26, in netmiko_send_command
    net_connect = task.host.get_connection(CONNECTION_NAME, task.nornir.config)
  File "/home/carlosalg/Proyectos/net-probe/.venv/lib/python3.14/site-packages/nornir/core/inventory.py", line 476, in get_connection
    self.open_connection(
    ~~~~~~~~~~~~~~~~~~~~^
        connection=connection,
        ^^^^^^^^^^^^^^^^^^^^^^
    ...<6 lines>...
        extras=conn.extras,
        ^^^^^^^^^^^^^^^^^^^
    )
    ^
  File "/home/carlosalg/Proyectos/net-probe/.venv/lib/python3.14/site-packages/nornir/core/inventory.py", line 528, in open_connection
    conn_obj.open(
    ~~~~~~~~~~~~~^
        hostname=hostname,
        ^^^^^^^^^^^^^^^^^^
    ...<5 lines>...
        configuration=configuration,
        ^^^^^^^^^^^^^^^^^^^^^^^^^^^^
    )
    ^
  File "/home/carlosalg/Proyectos/net-probe/.venv/lib/python3.14/site-packages/nornir_netmiko/connections/netmiko.py", line 59, in open
    connection = ConnectHandler(**parameters)
  File "/home/carlosalg/Proyectos/net-probe/.venv/lib/python3.14/site-packages/netmiko/ssh_dispatcher.py", line 460, in ConnectHandler
    return ConnectionClass(*args, **kwargs)
  File "/home/carlosalg/Proyectos/net-probe/.venv/lib/python3.14/site-packages/netmiko/base_connection.py", line 495, in __init__
    self._open()
    ~~~~~~~~~~^^
  File "/home/carlosalg/Proyectos/net-probe/.venv/lib/python3.14/site-packages/netmiko/base_connection.py", line 501, in _open
    self._try_session_preparation()
    ~~~~~~~~~~~~~~~~~~~~~~~~~~~~~^^
  File "/home/carlosalg/Proyectos/net-probe/.venv/lib/python3.14/site-packages/netmiko/base_connection.py", line 997, in _try_session_preparation
    self.session_preparation()
    ~~~~~~~~~~~~~~~~~~~~~~~~^^
  File "/home/carlosalg/Proyectos/net-probe/.venv/lib/python3.14/site-packages/netmiko/cisco/cisco_ios.py", line 19, in session_preparation
    self.set_terminal_width(command=cmd, pattern=cmd)
    ~~~~~~~~~~~~~~~~~~~~~~~^^^^^^^^^^^^^^^^^^^^^^^^^^
  File "/home/carlosalg/Proyectos/net-probe/.venv/lib/python3.14/site-packages/netmiko/base_connection.py", line 1364, in set_terminal_width
    output = self.read_until_pattern(pattern=pattern)
  File "/home/carlosalg/Proyectos/net-probe/.venv/lib/python3.14/site-packages/netmiko/base_connection.py", line 755, in read_until_pattern
    raise ReadTimeout(msg)
netmiko.exceptions.ReadTimeout: 

Pattern not detected: 'terminal width 511' in output.

Things you might try to fix this:
1. Adjust the regex pattern to better identify the terminating string. Note, in
many situations the pattern is automatically based on the network device's prompt.
2. Increase the read_timeout to a larger value.

You can also look at the Netmiko session_log or debug log for more information.



2026-05-03 20:35:42,581 -  nornir.core -     INFO -        run() - Running task 'netmiko_send_command' with args {'command_string': 'show ip interface brief | excl down'} on 1 hosts
2026-05-03 20:35:55,018 - nornir.core.task -    ERROR -      start() - Host 'R1_cat8k': task 'netmiko_send_command' failed with traceback:
Traceback (most recent call last):
  File "/home/carlosalg/Proyectos/net-probe/.venv/lib/python3.14/site-packages/nornir/core/task.py", line 98, in start
    r = self.task(self, **self.params)
  File "/home/carlosalg/Proyectos/net-probe/.venv/lib/python3.14/site-packages/nornir_netmiko/tasks/netmiko_send_command.py", line 26, in netmiko_send_command
    net_connect = task.host.get_connection(CONNECTION_NAME, task.nornir.config)
  File "/home/carlosalg/Proyectos/net-probe/.venv/lib/python3.14/site-packages/nornir/core/inventory.py", line 476, in get_connection
    self.open_connection(
    ~~~~~~~~~~~~~~~~~~~~^
        connection=connection,
        ^^^^^^^^^^^^^^^^^^^^^^
    ...<6 lines>...
        extras=conn.extras,
        ^^^^^^^^^^^^^^^^^^^
    )
    ^
  File "/home/carlosalg/Proyectos/net-probe/.venv/lib/python3.14/site-packages/nornir/core/inventory.py", line 528, in open_connection
    conn_obj.open(
    ~~~~~~~~~~~~~^
        hostname=hostname,
        ^^^^^^^^^^^^^^^^^^
    ...<5 lines>...
        configuration=configuration,
        ^^^^^^^^^^^^^^^^^^^^^^^^^^^^
    )
    ^
  File "/home/carlosalg/Proyectos/net-probe/.venv/lib/python3.14/site-packages/nornir_netmiko/connections/netmiko.py", line 59, in open
    connection = ConnectHandler(**parameters)
  File "/home/carlosalg/Proyectos/net-probe/.venv/lib/python3.14/site-packages/netmiko/ssh_dispatcher.py", line 460, in ConnectHandler
    return ConnectionClass(*args, **kwargs)
  File "/home/carlosalg/Proyectos/net-probe/.venv/lib/python3.14/site-packages/netmiko/base_connection.py", line 495, in __init__
    self._open()
    ~~~~~~~~~~^^
  File "/home/carlosalg/Proyectos/net-probe/.venv/lib/python3.14/site-packages/netmiko/base_connection.py", line 501, in _open
    self._try_session_preparation()
    ~~~~~~~~~~~~~~~~~~~~~~~~~~~~~^^
  File "/home/carlosalg/Proyectos/net-probe/.venv/lib/python3.14/site-packages/netmiko/base_connection.py", line 997, in _try_session_preparation
    self.session_preparation()
    ~~~~~~~~~~~~~~~~~~~~~~~~^^
  File "/home/carlosalg/Proyectos/net-probe/.venv/lib/python3.14/site-packages/netmiko/cisco/cisco_ios.py", line 19, in session_preparation
    self.set_terminal_width(command=cmd, pattern=cmd)
    ~~~~~~~~~~~~~~~~~~~~~~~^^^^^^^^^^^^^^^^^^^^^^^^^^
  File "/home/carlosalg/Proyectos/net-probe/.venv/lib/python3.14/site-packages/netmiko/base_connection.py", line 1364, in set_terminal_width
    output = self.read_until_pattern(pattern=pattern)
  File "/home/carlosalg/Proyectos/net-probe/.venv/lib/python3.14/site-packages/netmiko/base_connection.py", line 755, in read_until_pattern
    raise ReadTimeout(msg)
netmiko.exceptions.ReadTimeout: 

Pattern not detected: 'terminal width 511' in output.

Things you might try to fix this:
1. Adjust the regex pattern to better identify the terminating string. Note, in
many situations the pattern is automatically based on the network device's prompt.
2. Increase the read_timeout to a larger value.

You can also look at the Netmiko session_log or debug log for more information.



2026-05-03 20:58:07,789 -  nornir.core -     INFO -        run() - Running task 'netmiko_send_command' with args {'command_string': 'show ip interface brief | excl down'} on 1 hosts
2026-05-03 20:58:20,484 - nornir.core.task -    ERROR -      start() - Host 'R1_cat8k': task 'netmiko_send_command' failed with traceback:
Traceback (most recent call last):
  File "/home/carlosalg/Proyectos/net-probe/.venv/lib/python3.14/site-packages/nornir/core/task.py", line 98, in start
    r = self.task(self, **self.params)
  File "/home/carlosalg/Proyectos/net-probe/.venv/lib/python3.14/site-packages/nornir_netmiko/tasks/netmiko_send_command.py", line 26, in netmiko_send_command
    net_connect = task.host.get_connection(CONNECTION_NAME, task.nornir.config)
  File "/home/carlosalg/Proyectos/net-probe/.venv/lib/python3.14/site-packages/nornir/core/inventory.py", line 476, in get_connection
    self.open_connection(
    ~~~~~~~~~~~~~~~~~~~~^
        connection=connection,
        ^^^^^^^^^^^^^^^^^^^^^^
    ...<6 lines>...
        extras=conn.extras,
        ^^^^^^^^^^^^^^^^^^^
    )
    ^
  File "/home/carlosalg/Proyectos/net-probe/.venv/lib/python3.14/site-packages/nornir/core/inventory.py", line 528, in open_connection
    conn_obj.open(
    ~~~~~~~~~~~~~^
        hostname=hostname,
        ^^^^^^^^^^^^^^^^^^
    ...<5 lines>...
        configuration=configuration,
        ^^^^^^^^^^^^^^^^^^^^^^^^^^^^
    )
    ^
  File "/home/carlosalg/Proyectos/net-probe/.venv/lib/python3.14/site-packages/nornir_netmiko/connections/netmiko.py", line 59, in open
    connection = ConnectHandler(**parameters)
  File "/home/carlosalg/Proyectos/net-probe/.venv/lib/python3.14/site-packages/netmiko/ssh_dispatcher.py", line 460, in ConnectHandler
    return ConnectionClass(*args, **kwargs)
  File "/home/carlosalg/Proyectos/net-probe/.venv/lib/python3.14/site-packages/netmiko/base_connection.py", line 495, in __init__
    self._open()
    ~~~~~~~~~~^^
  File "/home/carlosalg/Proyectos/net-probe/.venv/lib/python3.14/site-packages/netmiko/base_connection.py", line 501, in _open
    self._try_session_preparation()
    ~~~~~~~~~~~~~~~~~~~~~~~~~~~~~^^
  File "/home/carlosalg/Proyectos/net-probe/.venv/lib/python3.14/site-packages/netmiko/base_connection.py", line 997, in _try_session_preparation
    self.session_preparation()
    ~~~~~~~~~~~~~~~~~~~~~~~~^^
  File "/home/carlosalg/Proyectos/net-probe/.venv/lib/python3.14/site-packages/netmiko/cisco/cisco_ios.py", line 19, in session_preparation
    self.set_terminal_width(command=cmd, pattern=cmd)
    ~~~~~~~~~~~~~~~~~~~~~~~^^^^^^^^^^^^^^^^^^^^^^^^^^
  File "/home/carlosalg/Proyectos/net-probe/.venv/lib/python3.14/site-packages/netmiko/base_connection.py", line 1364, in set_terminal_width
    output = self.read_until_pattern(pattern=pattern)
  File "/home/carlosalg/Proyectos/net-probe/.venv/lib/python3.14/site-packages/netmiko/base_connection.py", line 755, in read_until_pattern
    raise ReadTimeout(msg)
netmiko.exceptions.ReadTimeout: 

Pattern not detected: 'terminal width 511' in output.

Things you might try to fix this:
1. Adjust the regex pattern to better identify the terminating string. Note, in
many situations the pattern is automatically based on the network device's prompt.
2. Increase the read_timeout to a larger value.

You can also look at the Netmiko session_log or debug log for more information.



2026-05-03 20:58:49,992 -  nornir.core -     INFO -        run() - Running task 'netmiko_send_command' with args {'command_string': 'show ip interface brief | excl down'} on 1 hosts
2026-05-03 20:59:02,674 - nornir.core.task -    ERROR -      start() - Host 'R1_cat8k': task 'netmiko_send_command' failed with traceback:
Traceback (most recent call last):
  File "/home/carlosalg/Proyectos/net-probe/.venv/lib/python3.14/site-packages/nornir/core/task.py", line 98, in start
    r = self.task(self, **self.params)
  File "/home/carlosalg/Proyectos/net-probe/.venv/lib/python3.14/site-packages/nornir_netmiko/tasks/netmiko_send_command.py", line 26, in netmiko_send_command
    net_connect = task.host.get_connection(CONNECTION_NAME, task.nornir.config)
  File "/home/carlosalg/Proyectos/net-probe/.venv/lib/python3.14/site-packages/nornir/core/inventory.py", line 476, in get_connection
    self.open_connection(
    ~~~~~~~~~~~~~~~~~~~~^
        connection=connection,
        ^^^^^^^^^^^^^^^^^^^^^^
    ...<6 lines>...
        extras=conn.extras,
        ^^^^^^^^^^^^^^^^^^^
    )
    ^
  File "/home/carlosalg/Proyectos/net-probe/.venv/lib/python3.14/site-packages/nornir/core/inventory.py", line 528, in open_connection
    conn_obj.open(
    ~~~~~~~~~~~~~^
        hostname=hostname,
        ^^^^^^^^^^^^^^^^^^
    ...<5 lines>...
        configuration=configuration,
        ^^^^^^^^^^^^^^^^^^^^^^^^^^^^
    )
    ^
  File "/home/carlosalg/Proyectos/net-probe/.venv/lib/python3.14/site-packages/nornir_netmiko/connections/netmiko.py", line 59, in open
    connection = ConnectHandler(**parameters)
  File "/home/carlosalg/Proyectos/net-probe/.venv/lib/python3.14/site-packages/netmiko/ssh_dispatcher.py", line 460, in ConnectHandler
    return ConnectionClass(*args, **kwargs)
  File "/home/carlosalg/Proyectos/net-probe/.venv/lib/python3.14/site-packages/netmiko/base_connection.py", line 495, in __init__
    self._open()
    ~~~~~~~~~~^^
  File "/home/carlosalg/Proyectos/net-probe/.venv/lib/python3.14/site-packages/netmiko/base_connection.py", line 501, in _open
    self._try_session_preparation()
    ~~~~~~~~~~~~~~~~~~~~~~~~~~~~~^^
  File "/home/carlosalg/Proyectos/net-probe/.venv/lib/python3.14/site-packages/netmiko/base_connection.py", line 997, in _try_session_preparation
    self.session_preparation()
    ~~~~~~~~~~~~~~~~~~~~~~~~^^
  File "/home/carlosalg/Proyectos/net-probe/.venv/lib/python3.14/site-packages/netmiko/cisco/cisco_ios.py", line 19, in session_preparation
    self.set_terminal_width(command=cmd, pattern=cmd)
    ~~~~~~~~~~~~~~~~~~~~~~~^^^^^^^^^^^^^^^^^^^^^^^^^^
  File "/home/carlosalg/Proyectos/net-probe/.venv/lib/python3.14/site-packages/netmiko/base_connection.py", line 1364, in set_terminal_width
    output = self.read_until_pattern(pattern=pattern)
  File "/home/carlosalg/Proyectos/net-probe/.venv/lib/python3.14/site-packages/netmiko/base_connection.py", line 755, in read_until_pattern
    raise ReadTimeout(msg)
netmiko.exceptions.ReadTimeout: 

Pattern not detected: 'terminal width 511' in output.

Things you might try to fix this:
1. Adjust the regex pattern to better identify the terminating string. Note, in
many situations the pattern is automatically based on the network device's prompt.
2. Increase the read_timeout to a larger value.

You can also look at the Netmiko session_log or debug log for more information.



2026-05-03 21:04:40,271 -  nornir.core -     INFO -        run() - Running task 'netmiko_send_command' with args {'command_string': 'show ip interface brief | excl down'} on 1 hosts
2026-05-03 21:04:53,290 - nornir.core.task -    ERROR -      start() - Host 'R1_cat8k': task 'netmiko_send_command' failed with traceback:
Traceback (most recent call last):
  File "/home/carlosalg/Proyectos/net-probe/.venv/lib/python3.14/site-packages/nornir/core/task.py", line 98, in start
    r = self.task(self, **self.params)
  File "/home/carlosalg/Proyectos/net-probe/.venv/lib/python3.14/site-packages/nornir_netmiko/tasks/netmiko_send_command.py", line 26, in netmiko_send_command
    net_connect = task.host.get_connection(CONNECTION_NAME, task.nornir.config)
  File "/home/carlosalg/Proyectos/net-probe/.venv/lib/python3.14/site-packages/nornir/core/inventory.py", line 476, in get_connection
    self.open_connection(
    ~~~~~~~~~~~~~~~~~~~~^
        connection=connection,
        ^^^^^^^^^^^^^^^^^^^^^^
    ...<6 lines>...
        extras=conn.extras,
        ^^^^^^^^^^^^^^^^^^^
    )
    ^
  File "/home/carlosalg/Proyectos/net-probe/.venv/lib/python3.14/site-packages/nornir/core/inventory.py", line 528, in open_connection
    conn_obj.open(
    ~~~~~~~~~~~~~^
        hostname=hostname,
        ^^^^^^^^^^^^^^^^^^
    ...<5 lines>...
        configuration=configuration,
        ^^^^^^^^^^^^^^^^^^^^^^^^^^^^
    )
    ^
  File "/home/carlosalg/Proyectos/net-probe/.venv/lib/python3.14/site-packages/nornir_netmiko/connections/netmiko.py", line 59, in open
    connection = ConnectHandler(**parameters)
  File "/home/carlosalg/Proyectos/net-probe/.venv/lib/python3.14/site-packages/netmiko/ssh_dispatcher.py", line 460, in ConnectHandler
    return ConnectionClass(*args, **kwargs)
  File "/home/carlosalg/Proyectos/net-probe/.venv/lib/python3.14/site-packages/netmiko/base_connection.py", line 495, in __init__
    self._open()
    ~~~~~~~~~~^^
  File "/home/carlosalg/Proyectos/net-probe/.venv/lib/python3.14/site-packages/netmiko/base_connection.py", line 501, in _open
    self._try_session_preparation()
    ~~~~~~~~~~~~~~~~~~~~~~~~~~~~~^^
  File "/home/carlosalg/Proyectos/net-probe/.venv/lib/python3.14/site-packages/netmiko/base_connection.py", line 997, in _try_session_preparation
    self.session_preparation()
    ~~~~~~~~~~~~~~~~~~~~~~~~^^
  File "/home/carlosalg/Proyectos/net-probe/.venv/lib/python3.14/site-packages/netmiko/cisco/cisco_ios.py", line 19, in session_preparation
    self.set_terminal_width(command=cmd, pattern=cmd)
    ~~~~~~~~~~~~~~~~~~~~~~~^^^^^^^^^^^^^^^^^^^^^^^^^^
  File "/home/carlosalg/Proyectos/net-probe/.venv/lib/python3.14/site-packages/netmiko/base_connection.py", line 1364, in set_terminal_width
    output = self.read_until_pattern(pattern=pattern)
  File "/home/carlosalg/Proyectos/net-probe/.venv/lib/python3.14/site-packages/netmiko/base_connection.py", line 755, in read_until_pattern
    raise ReadTimeout(msg)
netmiko.exceptions.ReadTimeout: 

Pattern not detected: 'terminal width 511' in output.

Things you might try to fix this:
1. Adjust the regex pattern to better identify the terminating string. Note, in
many situations the pattern is automatically based on the network device's prompt.
2. Increase the read_timeout to a larger value.

You can also look at the Netmiko session_log or debug log for more information.



